github.com/WibuSOS/sinarmas/controllers/auth/handler.go:15:		NewHandler		100.0%
github.com/WibuSOS/sinarmas/controllers/auth/handler.go:19:		Login			100.0%
github.com/WibuSOS/sinarmas/controllers/auth/repository.go:21:		NewRepository		100.0%
github.com/WibuSOS/sinarmas/controllers/auth/repository.go:25:		Login			84.6%
github.com/WibuSOS/sinarmas/controllers/auth/request.go:12:		Validation		100.0%
github.com/WibuSOS/sinarmas/controllers/auth/service.go:18:		NewService		100.0%
github.com/WibuSOS/sinarmas/controllers/auth/service.go:22:		Login			90.0%
github.com/WibuSOS/sinarmas/controllers/product/handler.go:16:		NewHandler		100.0%
github.com/WibuSOS/sinarmas/controllers/product/handler.go:102:		UpdateProduct		100.0%
github.com/WibuSOS/sinarmas/controllers/product/repository.go:24:	NewRepository		100.0%
github.com/WibuSOS/sinarmas/controllers/product/repository.go:79:	UpdateProduct		100.0%
github.com/WibuSOS/sinarmas/controllers/product/request.go:12:		ValidateReq		100.0%
github.com/WibuSOS/sinarmas/controllers/product/service.go:21:		NewService		100.0%
github.com/WibuSOS/sinarmas/controllers/product/service.go:54:		UpdateProduct		100.0%
github.com/WibuSOS/sinarmas/controllers/rooms/handler.go:14:		NewHandler		100.0%
github.com/WibuSOS/sinarmas/controllers/rooms/handler.go:18:		CreateRoom		100.0%
github.com/WibuSOS/sinarmas/controllers/rooms/handler.go:43:		GetAllRooms		100.0%
github.com/WibuSOS/sinarmas/controllers/rooms/handler.go:61:		JoinRoom		100.0%
github.com/WibuSOS/sinarmas/controllers/rooms/handler.go:82:		JoinRoomPembeli		100.0%
github.com/WibuSOS/sinarmas/controllers/rooms/repository.go:25:		NewRepository		100.0%
github.com/WibuSOS/sinarmas/controllers/rooms/repository.go:29:		generateRoomCode	100.0%
github.com/WibuSOS/sinarmas/controllers/rooms/repository.go:41:		CreateRoom		93.3%
github.com/WibuSOS/sinarmas/controllers/rooms/repository.go:81:		GetAllRooms		100.0%
github.com/WibuSOS/sinarmas/controllers/rooms/repository.go:102:	JoinRoom		85.7%
github.com/WibuSOS/sinarmas/controllers/rooms/repository.go:121:	JoinRoomPembeli		93.8%
github.com/WibuSOS/sinarmas/controllers/rooms/request.go:13:		ValidateReq		100.0%
github.com/WibuSOS/sinarmas/controllers/rooms/service.go:19:		NewService		100.0%
github.com/WibuSOS/sinarmas/controllers/rooms/service.go:23:		CreateRoom		100.0%
github.com/WibuSOS/sinarmas/controllers/rooms/service.go:28:		GetAllRooms		100.0%
github.com/WibuSOS/sinarmas/controllers/rooms/service.go:33:		JoinRoom		100.0%
github.com/WibuSOS/sinarmas/controllers/rooms/service.go:41:		JoinRoomPembeli		100.0%
github.com/WibuSOS/sinarmas/controllers/transaction/handler.go:14:	NewHandler		100.0%
github.com/WibuSOS/sinarmas/controllers/transaction/handler.go:18:	UpdateStatusDelivery	100.0%
github.com/WibuSOS/sinarmas/controllers/transaction/handler.go:39:	GetPaymentDetails	100.0%
github.com/WibuSOS/sinarmas/controllers/transaction/repository.go:21:	NewRepository		100.0%
github.com/WibuSOS/sinarmas/controllers/transaction/repository.go:25:	UpdateStatusDelivery	100.0%
github.com/WibuSOS/sinarmas/controllers/transaction/repository.go:47:	GetPaymentDetails	100.0%
github.com/WibuSOS/sinarmas/controllers/transaction/request.go:12:	Validation		100.0%
github.com/WibuSOS/sinarmas/controllers/transaction/service.go:14:	NewService		100.0%
github.com/WibuSOS/sinarmas/controllers/transaction/service.go:18:	UpdateStatusDelivery	100.0%
github.com/WibuSOS/sinarmas/controllers/transaction/service.go:30:	GetPaymentDetails	100.0%
github.com/WibuSOS/sinarmas/controllers/users/handler.go:14:		NewHandler		100.0%
github.com/WibuSOS/sinarmas/controllers/users/handler.go:18:		CreateUser		100.0%
github.com/WibuSOS/sinarmas/controllers/users/repository.go:19:		NewRepository		100.0%
github.com/WibuSOS/sinarmas/controllers/users/repository.go:23:		CreateUser		100.0%
github.com/WibuSOS/sinarmas/controllers/users/request.go:17:		ValidateReq		100.0%
github.com/WibuSOS/sinarmas/controllers/users/service.go:15:		NewService		100.0%
github.com/WibuSOS/sinarmas/controllers/users/service.go:19:		CreateUser		100.0%
total:									(statements)		97.9%
